REGISTER NEW ORDER
----------------------------
DATE: 2019-07-03 13:59:50
URL https://3dsec.sberbank.ru/sbercredit/
METHOD register.do
DATA: 
Array
(
    [orderNumber] => 10_10_1
    [amount] => 189900
    [userName] => sbercred_test_2-api
    [password] => sbercred_test_2
    [currency] => 643
    [description] => 
    [returnUrl] => http://bitrix.gorbach-dev.ru/bank/credit.php?PAYMENT=RBS_CREDIT&ORDER_ID=10&PAYMENT_ID=10&USER_RETURN=1
    [CMS] => Bitrix 18.5.180
    [language] => ru
    [jsonParams] => {"CMS":"Bitrix 18.5.180", "Module-Version": "0.1.4", "phone": "9999999999"}
    [dummy] => 1
    [orderBundle] => {"orderCreationDate":"2019-02-12T13:51:00","customerDetails":{"contact":"test","email":"val@mail.ru"},"cartItems":{"items":[{"positionId":0,"itemCode":"119","name":"\u041d\u0438\u0436\u043d\u0435\u0435 \u0431\u0435\u043b\u044c\u0435 \u0411\u0435\u043b\u0430\u044f \u0421\u0432\u043e\u0431\u043e\u0434\u0430","itemAmount":139900,"itemPrice":139900,"quantity":{"value":1,"measure":"\u0448\u0442"},"tax":{"taxType":0}},{"positionId":2,"itemCode":"DELIVERY_2","name":"\u0414\u043e\u0441\u0442\u0430\u0432\u043a\u0430","itemAmount":50000,"itemPrice":50000,"quantity":{"value":1,"measure":"\u0448\u0442"},"tax":{"taxType":0}}]},"installments":{"productType":"CREDIT","productID":10}}
)

RESPONSE: 
Array
(
    [operations] => 
    [errorCode] => 0
    [errorMessage] => 
    [formUrl] => https://3dsec.sberbank.ru/sbercredit/rbs-common.html?mdOrder=0ef72e3f-df18-4716-a9a4-0d3e192753be
    [orderId] => 0ef72e3f-df18-4716-a9a4-0d3e192753be
)



REGISTER NEW ORDER
----------------------------
DATE: 2019-07-03 14:09:44
URL https://3dsec.sberbank.ru/sbercredit/
METHOD register.do
DATA: 
Array
(
    [orderNumber] => 10_10_1
    [amount] => 189900
    [userName] => sbercred_test_2-api
    [password] => sbercred_test_2
    [currency] => 643
    [description] => 
    [returnUrl] => http://bitrix.gorbach-dev.ru/bank/credit.php?PAYMENT=RBS_CREDIT&ORDER_ID=10&PAYMENT_ID=10&USER_RETURN=1
    [CMS] => Bitrix 18.5.180
    [language] => ru
    [jsonParams] => {"CMS":"Bitrix 18.5.180", "Module-Version": "0.1.4", "phone": "9999999999"}
    [dummy] => 1
    [orderBundle] => {"orderCreationDate":"2019-02-12T13:51:00","customerDetails":{"contact":"test","email":"val@mail.ru"},"cartItems":{"items":[{"positionId":0,"itemCode":"119","name":"\u041d\u0438\u0436\u043d\u0435\u0435 \u0431\u0435\u043b\u044c\u0435 \u0411\u0435\u043b\u0430\u044f \u0421\u0432\u043e\u0431\u043e\u0434\u0430","itemAmount":139900,"itemPrice":139900,"quantity":{"value":1,"measure":"\u0448\u0442"},"tax":{"taxType":0}},{"positionId":2,"itemCode":"DELIVERY_2","name":"\u0414\u043e\u0441\u0442\u0430\u0432\u043a\u0430","itemAmount":50000,"itemPrice":50000,"quantity":{"value":1,"measure":"\u0448\u0442"},"tax":{"taxType":0}}]},"installments":{"productType":"CREDIT","productID":10}}
)

RESPONSE: 
Array
(
    [operations] => 
    [errorCode] => 0
    [errorMessage] => 
    [formUrl] => https://3dsec.sberbank.ru/sbercredit/rbs-common.html?mdOrder=642f3ffe-c8f3-434a-8174-ad20d3aa9e28
    [orderId] => 642f3ffe-c8f3-434a-8174-ad20d3aa9e28
)



REGISTER NEW ORDER
----------------------------
DATE: 2019-07-03 14:10:14
URL https://3dsec.sberbank.ru/sbercredit/
METHOD register.do
DATA: 
Array
(
    [orderNumber] => 10_10_1
    [amount] => 189900
    [userName] => sbercred_test_2-api
    [password] => sbercred_test_2
    [currency] => 643
    [description] => 
    [returnUrl] => http://bitrix.gorbach-dev.ru/bank/credit.php?PAYMENT=RBS_CREDIT&ORDER_ID=10&PAYMENT_ID=10&USER_RETURN=1
    [CMS] => Bitrix 18.5.180
    [language] => ru
    [jsonParams] => {"CMS":"Bitrix 18.5.180", "Module-Version": "0.1.4", "phone": "9999999999"}
    [dummy] => 1
    [orderBundle] => {"orderCreationDate":"2019-02-12T13:51:00","customerDetails":{"contact":"test","email":"val@mail.ru"},"cartItems":{"items":[{"positionId":0,"itemCode":"119","name":"\u041d\u0438\u0436\u043d\u0435\u0435 \u0431\u0435\u043b\u044c\u0435 \u0411\u0435\u043b\u0430\u044f \u0421\u0432\u043e\u0431\u043e\u0434\u0430","itemAmount":139900,"itemPrice":139900,"quantity":{"value":1,"measure":"\u0448\u0442"},"tax":{"taxType":0}},{"positionId":2,"itemCode":"DELIVERY_2","name":"\u0414\u043e\u0441\u0442\u0430\u0432\u043a\u0430","itemAmount":50000,"itemPrice":50000,"quantity":{"value":1,"measure":"\u0448\u0442"},"tax":{"taxType":0}}]},"installments":{"productType":"CREDIT","productID":10}}
)

RESPONSE: 
Array
(
    [operations] => 
    [errorCode] => 0
    [errorMessage] => 
    [formUrl] => https://3dsec.sberbank.ru/sbercredit/rbs-common.html?mdOrder=15b2e40d-1492-4282-93da-7083e76bcd54
    [orderId] => 15b2e40d-1492-4282-93da-7083e76bcd54
)



